<?xml version="1.0" encoding="utf-8"?><testsuites name="pytest tests"><testsuite name="pytest" errors="0" failures="0" skipped="1" tests="41" time="4.460" timestamp="2026-05-30T21:13:16.534637+00:00" hostname="agent-env-044949e3-a006-4227-bf1a-663d0496dc0f"><testcase classname="backend.tests.test_hodix_v2.TestRoleMigration" name="test_demo_is_member" time="0.560" /><testcase classname="backend.tests.test_hodix_v2.TestRoleMigration" name="test_manager_is_tontine_manager" time="0.277" /><testcase classname="backend.tests.test_hodix_v2.TestRoleMigration" name="test_admin_is_super_admin" time="0.276" /><testcase classname="backend.tests.test_hodix_v2.TestPromotionRequests" name="test_get_me_empty_initially" time="0.316" /><testcase classname="backend.tests.test_hodix_v2.TestPromotionRequests" name="test_create_promotion_request" time="0.056" /><testcase classname="backend.tests.test_hodix_v2.TestPromotionRequests" name="test_get_me_returns_pending" time="0.047" /><testcase classname="backend.tests.test_hodix_v2.TestPromotionRequests" name="test_duplicate_pending_rejected" time="0.046" /><testcase classname="backend.tests.test_hodix_v2.TestPromotionRequests" name="test_non_member_cannot_request" time="0.045" /><testcase classname="backend.tests.test_hodix_v2.TestPromotionRequests" name="test_non_admin_cannot_list" time="0.050" /><testcase classname="backend.tests.test_hodix_v2.TestPromotionRequests" name="test_admin_can_list" time="0.047" /><testcase classname="backend.tests.test_hodix_v2.TestPromotionRequests" name="test_approve_promotes_user" time="0.200" /><testcase classname="backend.tests.test_hodix_v2.TestPromotionRequests" name="test_reject_flow" time="0.500" /><testcase classname="backend.tests.test_hodix_v2.TestMemberTontineGuard" name="test_member_cannot_create_large" time="0.046" /><testcase classname="backend.tests.test_hodix_v2.TestMemberTontineGuard" name="test_member_can_create_small" time="0.051" /><testcase classname="backend.tests.test_hodix_v2.TestMemberTontineGuard" name="test_creator_role_not_changed" time="0.051" /><testcase classname="backend.tests.test_hodix_v2.TestManager" name="test_overview_as_manager" time="0.068" /><testcase classname="backend.tests.test_hodix_v2.TestManager" name="test_overview_forbidden_for_member" time="0.046" /><testcase classname="backend.tests.test_hodix_v2.TestManager" name="test_members_list" time="0.047" /><testcase classname="backend.tests.test_hodix_v2.TestManagerCreate" name="test_manager_can_create_large" time="0.045" /><testcase classname="backend.tests.test_hodix_v2.TestAnalytics" name="test_me_savings" time="0.064" /><testcase classname="backend.tests.test_hodix_v2.TestAnalytics" name="test_me_contributions" time="0.046" /><testcase classname="backend.tests.test_hodix_v2.TestAnalytics" name="test_platform_savings_admin" time="0.051" /><testcase classname="backend.tests.test_hodix_v2.TestAnalytics" name="test_platform_users_admin" time="0.048" /><testcase classname="backend.tests.test_hodix_v2.TestAnalytics" name="test_platform_contributions_admin" time="0.047" /><testcase classname="backend.tests.test_hodix_v2.TestAnalytics" name="test_platform_forbidden_for_member" time="0.045" /><testcase classname="backend.tests.test_hodix_v2.TestReportsB64" name="test_pdf_b64[/reports-b64/identity]" time="0.051" /><testcase classname="backend.tests.test_hodix_v2.TestReportsB64" name="test_pdf_b64[/reports-b64/trust-score]" time="0.052" /><testcase classname="backend.tests.test_hodix_v2.TestReportsB64" name="test_pdf_b64[/reports-b64/savings]" time="0.051" /><testcase classname="backend.tests.test_hodix_v2.TestAdminUserMgmt" name="test_suspend" time="0.422" /><testcase classname="backend.tests.test_hodix_v2.TestAdminUserMgmt" name="test_restore" time="0.099" /><testcase classname="backend.tests.test_hodix_v2.TestAdminUserMgmt" name="test_admin_cannot_suspend_self" time="0.045" /><testcase classname="backend.tests.test_hodix_v2.TestAdminUserMgmt" name="test_admin_cannot_delete_self" time="0.045" /><testcase classname="backend.tests.test_hodix_v2.TestAdminUserMgmt" name="test_admin_cannot_delete_super_admin" time="0.045"><skipped type="pytest.skip" message="Only one super_admin in DB; cannot test super_admin delete guard.">/app/backend/tests/test_hodix_v2.py:346: Only one super_admin in DB; cannot test super_admin delete guard.</skipped></testcase><testcase classname="backend.tests.test_hodix_v2.TestAdminUserMgmt" name="test_delete_user" time="0.094" /><testcase classname="backend.tests.test_hodix_v2.TestV1Regression" name="test_savings_list" time="0.050" /><testcase classname="backend.tests.test_hodix_v2.TestV1Regression" name="test_tontines_list" time="0.048" /><testcase classname="backend.tests.test_hodix_v2.TestV1Regression" name="test_trust_score" time="0.051" /><testcase classname="backend.tests.test_hodix_v2.TestV1Regression" name="test_identity" time="0.063" /><testcase classname="backend.tests.test_hodix_v2.TestV1Regression" name="test_notifications" time="0.047" /><testcase classname="backend.tests.test_hodix_v2.TestSeed" name="test_user_count" time="0.046" /><testcase classname="backend.tests.test_hodix_v2.TestSeed" name="test_bonaberi_5_members" time="0.047" /></testsuite></testsuites>