<?xml version="1.0" encoding="utf-8"?><testsuites name="pytest tests"><testsuite name="pytest" errors="0" failures="0" skipped="0" tests="25" time="4.022" timestamp="2026-05-31T03:47:24.481572+00:00" hostname="agent-env-044949e3-a006-4227-bf1a-663d0496dc0f"><testcase classname="backend.tests.test_hodix_v3.TestHealth" name="test_health" time="0.173" /><testcase classname="backend.tests.test_hodix_v3.TestRoleMigration" name="test_member_role" time="0.348" /><testcase classname="backend.tests.test_hodix_v3.TestRoleMigration" name="test_manager_role" time="0.324" /><testcase classname="backend.tests.test_hodix_v3.TestRoleMigration" name="test_admin_role" time="0.323" /><testcase classname="backend.tests.test_hodix_v3.TestRegression" name="test_savings_summary" time="0.051" /><testcase classname="backend.tests.test_hodix_v3.TestRegression" name="test_tontines_list" time="0.050" /><testcase classname="backend.tests.test_hodix_v3.TestRegression" name="test_identity" time="0.054" /><testcase classname="backend.tests.test_hodix_v3.TestRegression" name="test_manager_overview" time="0.055" /><testcase classname="backend.tests.test_hodix_v3.TestRegression" name="test_admin_analytics" time="0.055" /><testcase classname="backend.tests.test_hodix_v3.TestRegression" name="test_admin_promotion_requests_list" time="0.052" /><testcase classname="backend.tests.test_hodix_v3.TestMemberCreateGuard" name="test_member_blocked_over_5" time="0.052" /><testcase classname="backend.tests.test_hodix_v3.TestPaymentsCheckout" name="test_checkout_validation_missing_fields" time="0.049" /><testcase classname="backend.tests.test_hodix_v3.TestPaymentsCheckout" name="test_checkout_validation_low_amount" time="0.101" /><testcase classname="backend.tests.test_hodix_v3.TestPaymentsCheckout" name="test_checkout_non_member_403" time="0.378" /><testcase classname="backend.tests.test_hodix_v3.TestPaymentsCheckout" name="test_checkout_success_creates_session" time="0.622" /><testcase classname="backend.tests.test_hodix_v3.TestPaymentsCheckout" name="test_payment_status_pending" time="0.290" /><testcase classname="backend.tests.test_hodix_v3.TestPaymentsCheckout" name="test_payment_status_not_my_payment_404" time="0.048" /><testcase classname="backend.tests.test_hodix_v3.TestPaymentsCheckout" name="test_payments_me_isolation" time="0.100" /><testcase classname="backend.tests.test_hodix_v3.TestPaymentsCheckout" name="test_payment_return_html" time="0.050" /><testcase classname="backend.tests.test_hodix_v3.TestSMS" name="test_sms_invalid_phone_400" time="0.052" /><testcase classname="backend.tests.test_hodix_v3.TestSMS" name="test_sms_valid_e164_returns_handled" time="0.288" /><testcase classname="backend.tests.test_hodix_v3.TestSMS" name="test_admin_sms_logs_persisted" time="0.050" /><testcase classname="backend.tests.test_hodix_v3.TestSMS" name="test_admin_sms_logs_non_admin_403" time="0.049" /><testcase classname="backend.tests.test_hodix_v3.TestSMS" name="test_reminders_non_admin_403" time="0.166" /><testcase classname="backend.tests.test_hodix_v3.TestSMS" name="test_reminders_as_tontine_admin" time="0.149" /></testsuite></testsuites>